d:\github projects\firstgame\debug\vc140.pdb
d:\github projects\firstgame\debug\vc140.idb
d:\github projects\firstgame\debug\gameengine.obj
d:\github projects\firstgame\debug\graphicsengine.obj
d:\github projects\firstgame\debug\input.obj
d:\github projects\firstgame\debug\bullet.obj
d:\github projects\firstgame\debug\enemyship.obj
d:\github projects\firstgame\debug\fontset.obj
d:\github projects\firstgame\debug\sprite.obj
d:\github projects\firstgame\debug\tile.obj
d:\github projects\firstgame\debug\levelmanager.obj
d:\github projects\firstgame\debug\textlabel.obj
d:\github projects\firstgame\debug\main.obj
d:\github projects\firstgame\debug\playership.obj
d:\github projects\firstgame\debug\laserbolt.obj
d:\github projects\firstgame\debug\firstgame.ilk
d:\github projects\firstgame\debug\firstgame.exe
d:\github projects\firstgame\debug\firstgame.pdb
d:\github projects\firstgame\debug\firstgame.tlog\cl.command.1.tlog
d:\github projects\firstgame\debug\firstgame.tlog\cl.read.1.tlog
d:\github projects\firstgame\debug\firstgame.tlog\cl.write.1.tlog
d:\github projects\firstgame\debug\firstgame.tlog\link.10464-cvtres.read.1.tlog
d:\github projects\firstgame\debug\firstgame.tlog\link.10464-cvtres.write.1.tlog
d:\github projects\firstgame\debug\firstgame.tlog\link.10464-rc.read.1.tlog
d:\github projects\firstgame\debug\firstgame.tlog\link.10464-rc.write.1.tlog
d:\github projects\firstgame\debug\firstgame.tlog\link.10464.read.1.tlog
d:\github projects\firstgame\debug\firstgame.tlog\link.10464.write.1.tlog
d:\github projects\firstgame\debug\firstgame.tlog\link.command.1.tlog
d:\github projects\firstgame\debug\firstgame.tlog\link.read.1.tlog
d:\github projects\firstgame\debug\firstgame.tlog\link.write.1.tlog
