  WaveManager.cpp
  c:\program files (x86)\windows kits\8.1\include\um\dinput.h: DIRECTINPUT_VERSION undefined. Defaulting to version 0x0800
d:\github projects\firstgame\source\gameobjects\weaponsystem.h(34): warning C4305: 'initializing': truncation from 'double' to 'float'
  StarEnemyShipWave.cpp
  c:\program files (x86)\windows kits\8.1\include\um\dinput.h: DIRECTINPUT_VERSION undefined. Defaulting to version 0x0800
d:\github projects\firstgame\source\gameobjects\weaponsystem.h(34): warning C4305: 'initializing': truncation from 'double' to 'float'
d:\github projects\firstgame\source\managers\starenemyshipwave.cpp(48): warning C4018: '>=': signed/unsigned mismatch
  MenuManager.cpp
  c:\program files (x86)\windows kits\8.1\include\um\dinput.h: DIRECTINPUT_VERSION undefined. Defaulting to version 0x0800
d:\github projects\firstgame\source\gameobjects\guiobjects\button.h(8): warning C4091: 'static ': ignored on left of 'ButtonAction' when no variable is declared
d:\github projects\firstgame\source\gameobjects\guiobjects\dialog.h(12): warning C4091: 'static ': ignored on left of 'DialogResult' when no variable is declared
d:\github projects\firstgame\source\gameobjects\weaponsystem.h(34): warning C4305: 'initializing': truncation from 'double' to 'float'
d:\github projects\firstgame\source\managers\menumanager.cpp(83): warning C4800: 'BYTE': forcing value to bool 'true' or 'false' (performance warning)
  LevelManager.cpp
  c:\program files (x86)\windows kits\8.1\include\um\dinput.h: DIRECTINPUT_VERSION undefined. Defaulting to version 0x0800
d:\github projects\firstgame\source\gameobjects\guiobjects\button.h(8): warning C4091: 'static ': ignored on left of 'ButtonAction' when no variable is declared
d:\github projects\firstgame\source\gameobjects\weaponsystem.h(34): warning C4305: 'initializing': truncation from 'double' to 'float'
d:\github projects\firstgame\source\gameobjects\guiobjects\dialog.h(12): warning C4091: 'static ': ignored on left of 'DialogResult' when no variable is declared
d:\github projects\firstgame\source\managers\levelmanager.cpp(205): warning C4244: '+=': conversion from 'double' to 'float', possible loss of data
d:\github projects\firstgame\source\managers\levelmanager.cpp(209): warning C4244: '-=': conversion from 'double' to 'float', possible loss of data
d:\github projects\firstgame\source\managers\levelmanager.cpp(223): warning C4244: 'argument': conversion from 'double' to 'float', possible loss of data
d:\github projects\firstgame\source\managers\levelmanager.cpp(227): warning C4244: 'argument': conversion from 'double' to 'float', possible loss of data
  GameManager.cpp
  c:\program files (x86)\windows kits\8.1\include\um\dinput.h: DIRECTINPUT_VERSION undefined. Defaulting to version 0x0800
d:\github projects\firstgame\source\gameobjects\guiobjects\button.h(8): warning C4091: 'static ': ignored on left of 'ButtonAction' when no variable is declared
d:\github projects\firstgame\source\gameobjects\weaponsystem.h(34): warning C4305: 'initializing': truncation from 'double' to 'float'
d:\github projects\firstgame\source\gameobjects\guiobjects\dialog.h(12): warning C4091: 'static ': ignored on left of 'DialogResult' when no variable is declared
  StarEnemyShip.cpp
  c:\program files (x86)\windows kits\8.1\include\um\dinput.h: DIRECTINPUT_VERSION undefined. Defaulting to version 0x0800
d:\github projects\firstgame\source\gameobjects\weaponsystem.h(34): warning C4305: 'initializing': truncation from 'double' to 'float'
d:\github projects\firstgame\source\gameobjects\starenemyship.cpp(23): warning C4244: '-=': conversion from 'double' to 'float', possible loss of data
d:\github projects\firstgame\source\gameobjects\starenemyship.cpp(25): warning C4244: '+=': conversion from 'double' to 'float', possible loss of data
  main.cpp
  c:\program files (x86)\windows kits\8.1\include\um\dinput.h: DIRECTINPUT_VERSION undefined. Defaulting to version 0x0800
d:\github projects\firstgame\source\gameobjects\guiobjects\button.h(8): warning C4091: 'static ': ignored on left of 'ButtonAction' when no variable is declared
d:\github projects\firstgame\source\gameobjects\weaponsystem.h(34): warning C4305: 'initializing': truncation from 'double' to 'float'
d:\github projects\firstgame\source\gameobjects\guiobjects\dialog.h(12): warning C4091: 'static ': ignored on left of 'DialogResult' when no variable is declared
d:\github projects\firstgame\source\engine\main.cpp(209): warning C4244: '=': conversion from 'float' to '__int64', possible loss of data
  Generating Code...
  Compiling...
  GameEngine.cpp
  c:\program files (x86)\windows kits\8.1\include\um\dinput.h: DIRECTINPUT_VERSION undefined. Defaulting to version 0x0800
d:\github projects\firstgame\source\gameobjects\guiobjects\button.h(8): warning C4091: 'static ': ignored on left of 'ButtonAction' when no variable is declared
d:\github projects\firstgame\source\gameobjects\weaponsystem.h(34): warning C4305: 'initializing': truncation from 'double' to 'float'
d:\github projects\firstgame\source\gameobjects\guiobjects\dialog.h(12): warning C4091: 'static ': ignored on left of 'DialogResult' when no variable is declared
d:\github projects\firstgame\source\engine\gameengine.cpp(81): warning C4244: 'argument': conversion from 'LONG' to 'float', possible loss of data
  Generating Code...
  FirstGame.vcxproj -> D:\github projects\FirstGame\Debug\FirstGame.exe
